open_file/outputs/logs/manifest-merger-debug-report.txt
-- Merging decision tree log ---
manifest
ADDED from src\main\AndroidManifest.xml:1:1-18:12
INJECTED from src\main\AndroidManifest.xml:1:1-18:12
INJECTED from src\main\AndroidManifest.xml:1:1-18:12
	package
		ADDED from src\main\AndroidManifest.xml:3:5-38
		INJECTED from src\main\AndroidManifest.xml
		INJECTED from src\main\AndroidManifest.xml
	xmlns:tools
		ADDED from src\main\AndroidManifest.xml:2:5-51
	xmlns:android
		ADDED from src\main\AndroidManifest.xml:1:11-69
application
ADDED from src\main\AndroidManifest.xml:5:5-17:19
provider#com.crazecoder.openfile.FileProvider
ADDED from src\main\AndroidManifest.xml:6:9-16:20
	android:grantUriPermissions
		ADDED from src\main\AndroidManifest.xml:10:13-47
	android:authorities
		ADDED from src\main\AndroidManifest.xml:8:13-88
	android:exported
		ADDED from src\main\AndroidManifest.xml:9:13-37
	tools:replace
		ADDED from src\main\AndroidManifest.xml:11:13-48
	android:name
		ADDED from src\main\AndroidManifest.xml:7:13-64
meta-data#android.support.FILE_PROVIDER_PATHS
ADDED from src\main\AndroidManifest.xml:12:13-15:20
	android:resource
		ADDED from src\main\AndroidManifest.xml:14:17-50
	android:name
		ADDED from src\main\AndroidManifest.xml:13:17-67
uses-sdk
INJECTED from src\main\AndroidManifest.xml reason: use-sdk injection requested
INJECTED from src\main\AndroidManifest.xml
INJECTED from src\main\AndroidManifest.xml
INJECTED from src\main\AndroidManifest.xml
INJECTED from src\main\AndroidManifest.xml
	android:targetSdkVersion
		INJECTED from src\main\AndroidManifest.xml
		ADDED from src\main\AndroidManifest.xml
		INJECTED from src\main\AndroidManifest.xml
	android:minSdkVersion
		INJECTED from src\main\AndroidManifest.xml
		ADDED from src\main\AndroidManifest.xml
		INJECTED from src\main\AndroidManifest.xml